<?xml version="1.0" encoding="UTF-8"?>
<!-- Generated by org.testng.reporters.JUnitReportReporter -->
<testsuite hostname="DESKTOP-9GIQDKD" failures="0" tests="2" name="testcases.AccountaddTest" time="23.754" errors="0" timestamp="2023-04-08T00:14:22 IST" skipped="0">
  <testcase classname="testcases.AccountaddTest" name="PageEntryOperation" time="9.032"/>
  <system-out/>
  <testcase classname="testcases.AccountaddTest" name="AccountaddOperation" time="14.722"/>
  <system-out/>
</testsuite> <!-- testcases.AccountaddTest -->
