<?xml version="1.0" encoding="UTF-8"?>
<!-- Generated by org.testng.reporters.JUnitReportReporter -->
<testsuite hostname="DESKTOP-9GIQDKD" failures="0" tests="2" name="testcases.LinkValidateTest" time="9.502" errors="0" timestamp="2023-04-08T00:14:22 IST" skipped="0">
  <testcase classname="testcases.LinkValidateTest" name="PageEntryOperation" time="8.648"/>
  <system-out/>
  <testcase classname="testcases.LinkValidateTest" name="ValidateBottomLinkofHomePage" time="0.854"/>
  <system-out/>
</testsuite> <!-- testcases.LinkValidateTest -->
