<?xml version="1.0" encoding="UTF-8"?>
<!-- Generated by org.testng.reporters.JUnitReportReporter -->
<testsuite hostname="DESKTOP-9GIQDKD" failures="0" tests="2" name="testcases.LinkValidateTest" time="14.144" errors="0" timestamp="2023-04-09T12:38:44 IST" skipped="0">
  <testcase classname="testcases.LinkValidateTest" name="PageEntryOperation" time="13.372"/>
  <system-out/>
  <testcase classname="testcases.LinkValidateTest" name="ValidateBottomLinkofHomePage" time="0.772"/>
  <system-out/>
</testsuite> <!-- testcases.LinkValidateTest -->
