<?xml version="1.0" encoding="UTF-8"?>
<!-- Generated by org.testng.reporters.JUnitReportReporter -->
<testsuite hostname="DESKTOP-9GIQDKD" failures="0" tests="3" name="testcases.LoginTest" time="102.779" errors="0" timestamp="2023-04-08T00:14:22 IST" skipped="0">
  <testcase classname="testcases.LoginTest" name="PageEntryOperation" time="12.779"/>
  <system-out/>
  <testcase classname="testcases.LoginTest" name="LoginOperation" time="49.296"/>
  <system-out/>
  <testcase classname="testcases.LoginTest" name="InvalidLoginOperation" time="40.704"/>
  <system-out/>
</testsuite> <!-- testcases.LoginTest -->
