<?xml version="1.0" encoding="UTF-8"?>
<!-- Generated by org.testng.reporters.JUnitReportReporter -->
<testsuite hostname="DESKTOP-9GIQDKD" failures="0" tests="3" name="testcases.LoginTest" time="41.208" errors="0" timestamp="2023-04-09T12:38:44 IST" skipped="0">
  <testcase classname="testcases.LoginTest" name="PageEntryOperation" time="9.462"/>
  <system-out/>
  <testcase classname="testcases.LoginTest" name="LoginOperation" time="20.467"/>
  <system-out/>
  <testcase classname="testcases.LoginTest" name="InvalidLoginOperation" time="11.279"/>
  <system-out/>
</testsuite> <!-- testcases.LoginTest -->
