<?xml version="1.0" encoding="UTF-8"?>
<!-- Generated by org.testng.reporters.JUnitReportReporter -->
<testsuite hostname="DESKTOP-9GIQDKD" failures="0" tests="3" name="testcases.LoginTest" time="40.532" errors="0" timestamp="2023-04-09T06:52:19 IST" skipped="0">
  <testcase classname="testcases.LoginTest" name="PageEntryOperation" time="8.378"/>
  <system-out/>
  <testcase classname="testcases.LoginTest" name="LoginOperation" time="21.363"/>
  <system-out/>
  <testcase classname="testcases.LoginTest" name="InvalidLoginOperation" time="10.791"/>
  <system-out/>
</testsuite> <!-- testcases.LoginTest -->
