<?xml version="1.0" encoding="UTF-8"?>
<!-- Generated by org.testng.reporters.JUnitReportReporter -->
<testsuite hostname="DESKTOP-9GIQDKD" failures="0" tests="2" name="testcases.AccountaddTest" time="25.054" errors="0" timestamp="2023-04-07T17:50:03 IST" skipped="0">
  <testcase classname="testcases.AccountaddTest" name="PageEntryOperation" time="9.262"/>
  <system-out/>
  <testcase classname="testcases.AccountaddTest" name="AccountaddOperation" time="15.792"/>
  <system-out/>
</testsuite> <!-- testcases.AccountaddTest -->
