<?xml version="1.0" encoding="UTF-8"?>
<!-- Generated by org.testng.reporters.JUnitReportReporter -->
<testsuite hostname="DESKTOP-9GIQDKD" failures="0" tests="2" name="testcases.AccountaddTest" time="21.571" errors="0" timestamp="2023-04-08T00:26:46 IST" skipped="0">
  <testcase classname="testcases.AccountaddTest" name="PageEntryOperation" time="7.376"/>
  <system-out/>
  <testcase classname="testcases.AccountaddTest" name="AccountaddOperation" time="14.195"/>
  <system-out/>
</testsuite> <!-- testcases.AccountaddTest -->
