<?xml version="1.0" encoding="UTF-8"?>
<!-- Generated by org.testng.reporters.JUnitReportReporter -->
<testsuite hostname="DESKTOP-9GIQDKD" failures="0" tests="2" name="testcases.LinkValidateTest" time="10.297" errors="0" timestamp="2023-04-08T00:26:46 IST" skipped="0">
  <testcase classname="testcases.LinkValidateTest" name="PageEntryOperation" time="7.118"/>
  <system-out/>
  <testcase classname="testcases.LinkValidateTest" name="ValidateBottomLinkofHomePage" time="3.179"/>
  <system-out/>
</testsuite> <!-- testcases.LinkValidateTest -->
