<?xml version="1.0" encoding="UTF-8"?>
<!-- Generated by org.testng.reporters.JUnitReportReporter -->
<testsuite hostname="DESKTOP-9GIQDKD" failures="0" tests="2" name="testcases.LinkValidateTest" time="8.015" errors="0" timestamp="2023-04-09T06:52:20 IST" skipped="0">
  <testcase classname="testcases.LinkValidateTest" name="PageEntryOperation" time="7.431"/>
  <system-out/>
  <testcase classname="testcases.LinkValidateTest" name="ValidateBottomLinkofHomePage" time="0.584"/>
  <system-out/>
</testsuite> <!-- testcases.LinkValidateTest -->
